<?xml version="1.0" encoding="UTF-8"?>
<!-- Generated by org.testng.reporters.JUnitReportReporter -->
<testsuite hostname="DEscarcegaF" name="org.webdriver.tests.FourthTest" tests="3" failures="0" timestamp="21 Aug 2015 20:31:59 GMT" time="5.326" errors="0">
  <testcase name="verifyPageXF" time="5.058" classname="org.webdriver.tests.FourthTest"/>
  <testcase name="verifyPageXF3" time="0.254" classname="org.webdriver.tests.FourthTest"/>
  <testcase name="verifyPageXF2" time="0.014" classname="org.webdriver.tests.FourthTest"/>
</testsuite> <!-- org.webdriver.tests.FourthTest -->
