<?xml version="1.0" encoding="UTF-8"?>
<testng-results skipped="0" failed="1" total="10" passed="9">
  <reporter-output>
    <line>
      <![CDATA[<a target="_blank" href=file:///C:\Users\User\Documents\4THSOURCE\Projects\Selenium\WDG\ScreenShots\Success\21_ago_2015_03_31_22_PM_org.webdriver.tests.FirstTest_verifyPageTitle.png>Success! org.webdriver.tests.FirstTest > verifyPageTitle</a>]]>
    </line>
    <line>
      <![CDATA[<a target="_blank" href=file:///C:\Users\User\Documents\4THSOURCE\Projects\Selenium\WDG\ScreenShots\Failed\21_ago_2015_03_31_23_PM_org.webdriver.tests.FirstTest_verifyPageTitle2.png>Failed! org.webdriver.tests.FirstTest > verifyPageTitle2</a>]]>
    </line>
    <line>
      <![CDATA[<a target="_blank" href=file:///C:\Users\User\Documents\4THSOURCE\Projects\Selenium\WDG\ScreenShots\Success\21_ago_2015_03_31_36_PM_org.webdriver.tests.SecondTest_verifyPageURL.png>Success! org.webdriver.tests.SecondTest > verifyPageURL</a>]]>
    </line>
    <line>
      <![CDATA[<a target="_blank" href=file:///C:\Users\User\Documents\4THSOURCE\Projects\Selenium\WDG\ScreenShots\Success\21_ago_2015_03_31_36_PM_org.webdriver.tests.SecondTest_verifyPageURL2.png>Success! org.webdriver.tests.SecondTest > verifyPageURL2</a>]]>
    </line>
    <line>
      <![CDATA[<a target="_blank" href=file:///C:\Users\User\Documents\4THSOURCE\Projects\Selenium\WDG\ScreenShots\Success\21_ago_2015_03_31_36_PM_org.webdriver.tests.SecondTest_verifyPageURL3.png>Success! org.webdriver.tests.SecondTest > verifyPageURL3</a>]]>
    </line>
    <line>
      <![CDATA[<a target="_blank" href=file:///C:\Users\User\Documents\4THSOURCE\Projects\Selenium\WDG\ScreenShots\Success\21_ago_2015_03_31_44_PM_org.webdriver.tests.ThirdTest_verifyPageLEL.png>Success! org.webdriver.tests.ThirdTest > verifyPageLEL</a>]]>
    </line>
    <line>
      <![CDATA[<a target="_blank" href=file:///C:\Users\User\Documents\4THSOURCE\Projects\Selenium\WDG\ScreenShots\Success\21_ago_2015_03_31_44_PM_org.webdriver.tests.ThirdTest_verifyPageLEL2.png>Success! org.webdriver.tests.ThirdTest > verifyPageLEL2</a>]]>
    </line>
    <line>
      <![CDATA[<a target="_blank" href=file:///C:\Users\User\Documents\4THSOURCE\Projects\Selenium\WDG\ScreenShots\Success\21_ago_2015_03_31_57_PM_org.webdriver.tests.FourthTest_verifyPageXF.png>Success! org.webdriver.tests.FourthTest > verifyPageXF</a>]]>
    </line>
    <line>
      <![CDATA[<a target="_blank" href=file:///C:\Users\User\Documents\4THSOURCE\Projects\Selenium\WDG\ScreenShots\Success\21_ago_2015_03_31_57_PM_org.webdriver.tests.FourthTest_verifyPageXF2.png>Success! org.webdriver.tests.FourthTest > verifyPageXF2</a>]]>
    </line>
    <line>
      <![CDATA[<a target="_blank" href=file:///C:\Users\User\Documents\4THSOURCE\Projects\Selenium\WDG\ScreenShots\Success\21_ago_2015_03_31_57_PM_org.webdriver.tests.FourthTest_verifyPageXF3.png>Success! org.webdriver.tests.FourthTest > verifyPageXF3</a>]]>
    </line>
  </reporter-output>
  <suite name="suite2" duration-ms="13489" started-at="2015-08-21T20:31:45Z" finished-at="2015-08-21T20:31:58Z">
    <groups>
    </groups>
    <test name="FourthTest" duration-ms="13489" started-at="2015-08-21T20:31:45Z" finished-at="2015-08-21T20:31:58Z">
      <class name="org.webdriver.tests.FourthTest">
        <test-method status="PASS" signature="setUpProperties(java.lang.String)[pri:0, instance:org.webdriver.tests.FourthTest@edf4efb]" name="setUpProperties" is-config="true" duration-ms="6990" started-at="2015-08-21T15:31:45Z" finished-at="2015-08-21T15:31:52Z">
          <params>
            <param index="0">
              <value>
                <![CDATA[http://newtours.demoaut.com]]>
              </value>
            </param>
          </params>
          <reporter-output>
          </reporter-output>
        </test-method> <!-- setUpProperties -->
        <test-method status="PASS" signature="verifyPageXF()[pri:0, instance:org.webdriver.tests.FourthTest@edf4efb]" name="verifyPageXF" duration-ms="5058" started-at="2015-08-21T15:31:52Z" finished-at="2015-08-21T15:31:57Z">
          <reporter-output>
            <line>
              <![CDATA[<a target="_blank" href=file:///C:\Users\User\Documents\4THSOURCE\Projects\Selenium\WDG\ScreenShots\Success\21_ago_2015_03_31_57_PM_org.webdriver.tests.FourthTest_verifyPageXF.png>Success! org.webdriver.tests.FourthTest > verifyPageXF</a>]]>
            </line>
          </reporter-output>
        </test-method> <!-- verifyPageXF -->
        <test-method status="PASS" signature="verifyPageXF2()[pri:0, instance:org.webdriver.tests.FourthTest@edf4efb]" name="verifyPageXF2" duration-ms="14" started-at="2015-08-21T15:31:57Z" depends-on-methods="org.webdriver.tests.FourthTest.verifyPageXF" finished-at="2015-08-21T15:31:57Z">
          <reporter-output>
            <line>
              <![CDATA[<a target="_blank" href=file:///C:\Users\User\Documents\4THSOURCE\Projects\Selenium\WDG\ScreenShots\Success\21_ago_2015_03_31_57_PM_org.webdriver.tests.FourthTest_verifyPageXF2.png>Success! org.webdriver.tests.FourthTest > verifyPageXF2</a>]]>
            </line>
          </reporter-output>
        </test-method> <!-- verifyPageXF2 -->
        <test-method status="PASS" signature="verifyPageXF3()[pri:0, instance:org.webdriver.tests.FourthTest@edf4efb]" name="verifyPageXF3" duration-ms="254" started-at="2015-08-21T15:31:57Z" depends-on-methods="org.webdriver.tests.FourthTest.verifyPageXF2" finished-at="2015-08-21T15:31:57Z">
          <reporter-output>
            <line>
              <![CDATA[<a target="_blank" href=file:///C:\Users\User\Documents\4THSOURCE\Projects\Selenium\WDG\ScreenShots\Success\21_ago_2015_03_31_57_PM_org.webdriver.tests.FourthTest_verifyPageXF3.png>Success! org.webdriver.tests.FourthTest > verifyPageXF3</a>]]>
            </line>
          </reporter-output>
        </test-method> <!-- verifyPageXF3 -->
        <test-method status="PASS" signature="tearDown()[pri:0, instance:org.webdriver.tests.FourthTest@edf4efb]" name="tearDown" is-config="true" duration-ms="616" started-at="2015-08-21T15:31:58Z" finished-at="2015-08-21T15:31:58Z">
          <reporter-output>
          </reporter-output>
        </test-method> <!-- tearDown -->
      </class> <!-- org.webdriver.tests.FourthTest -->
    </test> <!-- FourthTest -->
  </suite> <!-- suite2 -->
  <suite name="suite1" duration-ms="31672" started-at="2015-08-21T20:31:13Z" finished-at="2015-08-21T20:31:45Z">
    <groups>
    </groups>
    <test name="FirstTest" duration-ms="10395" started-at="2015-08-21T20:31:13Z" finished-at="2015-08-21T20:31:23Z">
      <class name="org.webdriver.tests.FirstTest">
        <test-method status="PASS" signature="setUpProperties(java.lang.String)[pri:0, instance:org.webdriver.tests.FirstTest@2c8d66b2]" name="setUpProperties" is-config="true" duration-ms="9002" started-at="2015-08-21T15:31:13Z" finished-at="2015-08-21T15:31:22Z">
          <params>
            <param index="0">
              <value>
                <![CDATA[http://newtours.demoaut.com]]>
              </value>
            </param>
          </params>
          <reporter-output>
          </reporter-output>
        </test-method> <!-- setUpProperties -->
        <test-method status="PASS" signature="verifyPageTitle()[pri:0, instance:org.webdriver.tests.FirstTest@2c8d66b2]" name="verifyPageTitle" duration-ms="304" started-at="2015-08-21T15:31:22Z" finished-at="2015-08-21T15:31:22Z">
          <reporter-output>
            <line>
              <![CDATA[<a target="_blank" href=file:///C:\Users\User\Documents\4THSOURCE\Projects\Selenium\WDG\ScreenShots\Success\21_ago_2015_03_31_22_PM_org.webdriver.tests.FirstTest_verifyPageTitle.png>Success! org.webdriver.tests.FirstTest > verifyPageTitle</a>]]>
            </line>
          </reporter-output>
        </test-method> <!-- verifyPageTitle -->
        <test-method status="FAIL" signature="verifyPageTitle2()[pri:0, instance:org.webdriver.tests.FirstTest@2c8d66b2]" name="verifyPageTitle2" duration-ms="22" started-at="2015-08-21T15:31:23Z" depends-on-methods="org.webdriver.tests.FirstTest.verifyPageTitle" finished-at="2015-08-21T15:31:23Z">
          <exception class="java.lang.AssertionError">
            <message>
              <![CDATA[null]]>
            </message>
            <full-stacktrace>
              <![CDATA[java.lang.AssertionError: null
	at org.testng.Assert.fail(Assert.java:94)
	at org.testng.Assert.assertNotEquals(Assert.java:758)
	at org.testng.Assert.assertNotEquals(Assert.java:763)
	at org.webdriver.tests.FirstTest.verifyPageTitle2(FirstTest.java:27)
	at sun.reflect.NativeMethodAccessorImpl.invoke0(Native Method)
	at sun.reflect.NativeMethodAccessorImpl.invoke(Unknown Source)
	at sun.reflect.DelegatingMethodAccessorImpl.invoke(Unknown Source)
	at java.lang.reflect.Method.invoke(Unknown Source)
	at org.testng.internal.MethodInvocationHelper.invokeMethod(MethodInvocationHelper.java:80)
	at org.testng.internal.Invoker.invokeMethod(Invoker.java:714)
	at org.testng.internal.Invoker.invokeTestMethod(Invoker.java:901)
	at org.testng.internal.Invoker.invokeTestMethods(Invoker.java:1231)
	at org.testng.internal.TestMethodWorker.invokeTestMethods(TestMethodWorker.java:127)
	at org.testng.internal.TestMethodWorker.run(TestMethodWorker.java:111)
	at org.testng.TestRunner.privateRun(TestRunner.java:767)
	at org.testng.TestRunner.run(TestRunner.java:617)
	at org.testng.SuiteRunner.runTest(SuiteRunner.java:334)
	at org.testng.SuiteRunner.runSequentially(SuiteRunner.java:329)
	at org.testng.SuiteRunner.privateRun(SuiteRunner.java:291)
	at org.testng.SuiteRunner.run(SuiteRunner.java:240)
	at org.testng.SuiteRunnerWorker.runSuite(SuiteRunnerWorker.java:52)
	at org.testng.SuiteRunnerWorker.run(SuiteRunnerWorker.java:86)
	at org.testng.TestNG.runSuitesSequentially(TestNG.java:1198)
	at org.testng.TestNG.runSuitesSequentially(TestNG.java:1194)
	at org.testng.TestNG.runSuitesLocally(TestNG.java:1123)
	at org.testng.TestNG.run(TestNG.java:1031)
	at org.testng.remote.RemoteTestNG.run(RemoteTestNG.java:111)
	at org.testng.remote.RemoteTestNG.initAndRun(RemoteTestNG.java:204)
	at org.testng.remote.RemoteTestNG.main(RemoteTestNG.java:175)
]]>
            </full-stacktrace>
          </exception> <!-- java.lang.AssertionError -->
          <reporter-output>
            <line>
              <![CDATA[<a target="_blank" href=file:///C:\Users\User\Documents\4THSOURCE\Projects\Selenium\WDG\ScreenShots\Failed\21_ago_2015_03_31_23_PM_org.webdriver.tests.FirstTest_verifyPageTitle2.png>Failed! org.webdriver.tests.FirstTest > verifyPageTitle2</a>]]>
            </line>
          </reporter-output>
        </test-method> <!-- verifyPageTitle2 -->
        <test-method status="PASS" signature="tearDown()[pri:0, instance:org.webdriver.tests.FirstTest@2c8d66b2]" name="tearDown" is-config="true" duration-ms="645" started-at="2015-08-21T15:31:23Z" finished-at="2015-08-21T15:31:23Z">
          <reporter-output>
          </reporter-output>
        </test-method> <!-- tearDown -->
      </class> <!-- org.webdriver.tests.FirstTest -->
    </test> <!-- FirstTest -->
    <test name="SecondTest" duration-ms="13328" started-at="2015-08-21T20:31:24Z" finished-at="2015-08-21T20:31:37Z">
      <class name="org.webdriver.tests.SecondTest">
        <test-method status="PASS" signature="setUpProperties(java.lang.String)[pri:0, instance:org.webdriver.tests.SecondTest@59a6e353]" name="setUpProperties" is-config="true" duration-ms="7018" started-at="2015-08-21T15:31:24Z" finished-at="2015-08-21T15:31:31Z">
          <params>
            <param index="0">
              <value>
                <![CDATA[http://newtours.demoaut.com]]>
              </value>
            </param>
          </params>
          <reporter-output>
          </reporter-output>
        </test-method> <!-- setUpProperties -->
        <test-method status="PASS" signature="verifyPageURL()[pri:0, instance:org.webdriver.tests.SecondTest@59a6e353]" name="verifyPageURL" duration-ms="5018" started-at="2015-08-21T15:31:31Z" finished-at="2015-08-21T15:31:36Z">
          <reporter-output>
            <line>
              <![CDATA[<a target="_blank" href=file:///C:\Users\User\Documents\4THSOURCE\Projects\Selenium\WDG\ScreenShots\Success\21_ago_2015_03_31_36_PM_org.webdriver.tests.SecondTest_verifyPageURL.png>Success! org.webdriver.tests.SecondTest > verifyPageURL</a>]]>
            </line>
          </reporter-output>
        </test-method> <!-- verifyPageURL -->
        <test-method status="PASS" signature="verifyPageURL2()[pri:0, instance:org.webdriver.tests.SecondTest@59a6e353]" name="verifyPageURL2" duration-ms="20" started-at="2015-08-21T15:31:36Z" depends-on-methods="org.webdriver.tests.SecondTest.verifyPageURL" finished-at="2015-08-21T15:31:36Z">
          <reporter-output>
            <line>
              <![CDATA[<a target="_blank" href=file:///C:\Users\User\Documents\4THSOURCE\Projects\Selenium\WDG\ScreenShots\Success\21_ago_2015_03_31_36_PM_org.webdriver.tests.SecondTest_verifyPageURL2.png>Success! org.webdriver.tests.SecondTest > verifyPageURL2</a>]]>
            </line>
          </reporter-output>
        </test-method> <!-- verifyPageURL2 -->
        <test-method status="PASS" signature="verifyPageURL3()[pri:0, instance:org.webdriver.tests.SecondTest@59a6e353]" name="verifyPageURL3" duration-ms="196" started-at="2015-08-21T15:31:36Z" depends-on-methods="org.webdriver.tests.SecondTest.verifyPageURL2" finished-at="2015-08-21T15:31:36Z">
          <reporter-output>
            <line>
              <![CDATA[<a target="_blank" href=file:///C:\Users\User\Documents\4THSOURCE\Projects\Selenium\WDG\ScreenShots\Success\21_ago_2015_03_31_36_PM_org.webdriver.tests.SecondTest_verifyPageURL3.png>Success! org.webdriver.tests.SecondTest > verifyPageURL3</a>]]>
            </line>
          </reporter-output>
        </test-method> <!-- verifyPageURL3 -->
        <test-method status="PASS" signature="tearDown()[pri:0, instance:org.webdriver.tests.SecondTest@59a6e353]" name="tearDown" is-config="true" duration-ms="391" started-at="2015-08-21T15:31:36Z" finished-at="2015-08-21T15:31:37Z">
          <reporter-output>
          </reporter-output>
        </test-method> <!-- tearDown -->
      </class> <!-- org.webdriver.tests.SecondTest -->
    </test> <!-- SecondTest -->
    <test name="ThirdTest" duration-ms="7834" started-at="2015-08-21T20:31:37Z" finished-at="2015-08-21T20:31:45Z">
      <class name="org.webdriver.tests.ThirdTest">
        <test-method status="PASS" signature="setUpProperties(java.lang.String)[pri:0, instance:org.webdriver.tests.ThirdTest@96532d6]" name="setUpProperties" is-config="true" duration-ms="6685" started-at="2015-08-21T15:31:37Z" finished-at="2015-08-21T15:31:44Z">
          <params>
            <param index="0">
              <value>
                <![CDATA[http://newtours.demoaut.com]]>
              </value>
            </param>
          </params>
          <reporter-output>
          </reporter-output>
        </test-method> <!-- setUpProperties -->
        <test-method status="PASS" signature="verifyPageLEL()[pri:0, instance:org.webdriver.tests.ThirdTest@96532d6]" name="verifyPageLEL" duration-ms="224" started-at="2015-08-21T15:31:44Z" finished-at="2015-08-21T15:31:44Z">
          <reporter-output>
            <line>
              <![CDATA[<a target="_blank" href=file:///C:\Users\User\Documents\4THSOURCE\Projects\Selenium\WDG\ScreenShots\Success\21_ago_2015_03_31_44_PM_org.webdriver.tests.ThirdTest_verifyPageLEL.png>Success! org.webdriver.tests.ThirdTest > verifyPageLEL</a>]]>
            </line>
          </reporter-output>
        </test-method> <!-- verifyPageLEL -->
        <test-method status="PASS" signature="verifyPageLEL2()[pri:0, instance:org.webdriver.tests.ThirdTest@96532d6]" name="verifyPageLEL2" duration-ms="14" started-at="2015-08-21T15:31:44Z" depends-on-methods="org.webdriver.tests.ThirdTest.verifyPageLEL" finished-at="2015-08-21T15:31:44Z">
          <reporter-output>
            <line>
              <![CDATA[<a target="_blank" href=file:///C:\Users\User\Documents\4THSOURCE\Projects\Selenium\WDG\ScreenShots\Success\21_ago_2015_03_31_44_PM_org.webdriver.tests.ThirdTest_verifyPageLEL2.png>Success! org.webdriver.tests.ThirdTest > verifyPageLEL2</a>]]>
            </line>
          </reporter-output>
        </test-method> <!-- verifyPageLEL2 -->
        <test-method status="PASS" signature="tearDown()[pri:0, instance:org.webdriver.tests.ThirdTest@96532d6]" name="tearDown" is-config="true" duration-ms="568" started-at="2015-08-21T15:31:44Z" finished-at="2015-08-21T15:31:45Z">
          <reporter-output>
          </reporter-output>
        </test-method> <!-- tearDown -->
      </class> <!-- org.webdriver.tests.ThirdTest -->
    </test> <!-- ThirdTest -->
  </suite> <!-- suite1 -->
  <suite name="AllSuites" duration-ms="0" started-at="2015-08-21T20:31:59Z" finished-at="2015-08-21T20:31:59Z">
    <groups>
    </groups>
  </suite> <!-- AllSuites -->
</testng-results>
