<?xml version="1.0" encoding="UTF-8"?>
<!-- Generated by org.testng.reporters.JUnitXMLReporter -->
<testsuite hostname="DEscarcegaF" name="SecondTest" tests="3" failures="0" timestamp="21 Aug 2015 20:31:37 GMT" time="13.328" errors="0">
  <testcase name="verifyPageURL" time="5.018" classname="org.webdriver.tests.SecondTest"/>
  <testcase name="verifyPageURL2" time="0.02" classname="org.webdriver.tests.SecondTest"/>
  <testcase name="verifyPageURL3" time="0.196" classname="org.webdriver.tests.SecondTest"/>
</testsuite> <!-- SecondTest -->
